déc. 08, 2024 1:11:53 PM Personnage setForceAttaque
WARNING: Force d'attaque basse définie pour Vault inhabitant: 5
déc. 08, 2024 1:11:53 PM Carte setLongueur
WARNING: Carte petite. 0
déc. 08, 2024 1:11:53 PM Main jeu3
INFO: Début du jeu 3
déc. 08, 2024 1:11:53 PM Jeu demarrerLeJeu
INFO: Le jeu a démarré + demande infos user
déc. 08, 2024 1:11:53 PM Jeu deplacer
INFO: Le personnage a 90PV
déc. 08, 2024 1:11:53 PM Jeu rencontrerEnnemi
INFO: Le joueur rencontre un ennemi
déc. 08, 2024 1:11:53 PM Jeu coupSpecial
INFO: La capacité spéciale s'active
déc. 08, 2024 1:11:53 PM Attaque ennemiAttaque
INFO: Attaque de Gangster sur Vault inhabitant
déc. 08, 2024 1:11:53 PM Attaque ennemiAttaque
INFO: PV de Vault inhabitant après
déc. 08, 2024 1:11:53 PM Attaque useCSHeal
INFO: Heal de Vault inhabitant
déc. 08, 2024 1:11:53 PM Attaque personnageAttaque
INFO: Attaque de Vault inhabitant sur Gangster
déc. 08, 2024 1:11:53 PM Attaque personnageAttaque
INFO: PV de Gangster après
déc. 08, 2024 1:11:53 PM Attaque ennemiAttaque
INFO: Attaque de Gangster sur Vault inhabitant
déc. 08, 2024 1:11:53 PM Attaque ennemiAttaque
INFO: PV de Vault inhabitant après
déc. 08, 2024 1:11:53 PM Attaque personnageAttaque
INFO: Attaque de Vault inhabitant sur Gangster
déc. 08, 2024 1:11:53 PM Attaque personnageAttaque
INFO: PV de Gangster après
déc. 08, 2024 1:11:53 PM Attaque ennemiAttaque
INFO: Attaque de Gangster sur Vault inhabitant
déc. 08, 2024 1:11:53 PM Attaque ennemiAttaque
INFO: PV de Vault inhabitant après
déc. 08, 2024 1:11:53 PM Attaque personnageAttaque
INFO: Attaque de Vault inhabitant sur Gangster
déc. 08, 2024 1:11:53 PM Attaque personnageAttaque
INFO: PV de Gangster après
déc. 08, 2024 1:11:53 PM Jeu deplacer
INFO: Le personnage a 80PV
déc. 08, 2024 1:11:53 PM Jeu rencontrerEnnemi
INFO: Le joueur rencontre un ennemi
déc. 08, 2024 1:11:53 PM Attaque personnageAttaque
INFO: Attaque de Vault inhabitant sur Catcheur
déc. 08, 2024 1:11:53 PM Attaque personnageAttaque
INFO: PV de Catcheur après
déc. 08, 2024 1:11:53 PM Attaque ennemiAttaque
INFO: Attaque de Catcheur sur Vault inhabitant
déc. 08, 2024 1:11:53 PM Attaque ennemiAttaque
INFO: PV de Vault inhabitant après
déc. 08, 2024 1:11:53 PM Attaque personnageAttaque
INFO: Attaque de Vault inhabitant sur Catcheur
déc. 08, 2024 1:11:53 PM Attaque personnageAttaque
INFO: PV de Catcheur après
déc. 08, 2024 1:11:53 PM Attaque ennemiAttaque
INFO: Attaque de Catcheur sur Vault inhabitant
déc. 08, 2024 1:11:53 PM Attaque ennemiAttaque
INFO: PV de Vault inhabitant après
déc. 08, 2024 1:11:53 PM Attaque personnageAttaque
INFO: Attaque de Vault inhabitant sur Catcheur
déc. 08, 2024 1:11:53 PM Attaque personnageAttaque
INFO: PV de Catcheur après
déc. 08, 2024 1:11:53 PM Attaque ennemiAttaque
INFO: Attaque de Catcheur sur Vault inhabitant
déc. 08, 2024 1:11:53 PM Attaque ennemiAttaque
INFO: PV de Vault inhabitant après
déc. 08, 2024 1:11:53 PM Attaque personnageAttaque
INFO: Attaque de Vault inhabitant sur Catcheur
déc. 08, 2024 1:11:53 PM Attaque personnageAttaque
INFO: PV de Catcheur après
déc. 08, 2024 1:11:53 PM Attaque ennemiAttaque
INFO: Attaque de Catcheur sur Vault inhabitant
déc. 08, 2024 1:11:53 PM Attaque ennemiAttaque
INFO: PV de Vault inhabitant après
déc. 08, 2024 1:11:53 PM Attaque personnageAttaque
INFO: Attaque de Vault inhabitant sur Catcheur
déc. 08, 2024 1:11:53 PM Attaque personnageAttaque
INFO: PV de Catcheur après
déc. 08, 2024 1:11:53 PM Attaque ennemiAttaque
INFO: Attaque de Catcheur sur Vault inhabitant
déc. 08, 2024 1:11:53 PM Attaque ennemiAttaque
INFO: PV de Vault inhabitant après
déc. 08, 2024 1:11:53 PM Attaque personnageAttaque
INFO: Attaque de Vault inhabitant sur Catcheur
déc. 08, 2024 1:11:53 PM Attaque personnageAttaque
INFO: PV de Catcheur après
déc. 08, 2024 1:11:53 PM Attaque ennemiAttaque
INFO: Attaque de Catcheur sur Vault inhabitant
déc. 08, 2024 1:11:53 PM Attaque ennemiAttaque
INFO: PV de Vault inhabitant après
déc. 08, 2024 1:11:53 PM Attaque personnageAttaque
INFO: Attaque de Vault inhabitant sur Catcheur
déc. 08, 2024 1:11:53 PM Attaque personnageAttaque
INFO: PV de Catcheur après
déc. 08, 2024 1:11:53 PM Attaque ennemiAttaque
INFO: Attaque de Catcheur sur Vault inhabitant
déc. 08, 2024 1:11:53 PM Attaque ennemiAttaque
INFO: PV de Vault inhabitant après
déc. 08, 2024 1:11:53 PM Attaque personnageAttaque
INFO: Attaque de Vault inhabitant sur Catcheur
déc. 08, 2024 1:11:53 PM Attaque personnageAttaque
INFO: PV de Catcheur après
déc. 08, 2024 1:11:53 PM Jeu deplacer
INFO: Le personnage a 10PV
déc. 08, 2024 1:11:53 PM Jeu rencontrerEnnemi
INFO: Le joueur rencontre un ennemi
déc. 08, 2024 1:11:53 PM Attaque personnageAttaque
INFO: Attaque de Vault inhabitant sur kamikaze
déc. 08, 2024 1:11:53 PM Attaque personnageAttaque
INFO: PV de kamikaze après
déc. 08, 2024 1:11:53 PM Attaque ennemiAttaque
INFO: Attaque de kamikaze sur Vault inhabitant
déc. 08, 2024 1:11:53 PM Attaque ennemiAttaque
INFO: PV de Vault inhabitant après
déc. 08, 2024 1:11:53 PM Jeu defaite
INFO: Le joueur a perdu
déc. 08, 2024 1:11:53 PM Main jeu3
INFO: FIN du jeu 3
